<?xml version="1.0" encoding="UTF-8"?>
<!-- Generated by org.testng.reporters.JUnitXMLReporter -->
<testsuite ignored="0" hostname="LAPTOP-AF95BSA9" failures="0" tests="6" name="test" time="101.327" errors="0" timestamp="2024-04-17T14:07:23 IST">
  <testcase classname="testCases.TC001_RegistrationTest" name="registrationTest" time="2.98"/>
  <testcase classname="testCases.TC002_LoginTest" name="verifyLogin" time="2.95"/>
  <testcase classname="testCases.TC003_LoginTestDDT" name="verifyLogin" time="4.716"/>
  <testcase classname="testCases.TC003_LoginTestDDT" name="verifyLogin" time="11.496"/>
  <testcase classname="testCases.TC003_LoginTestDDT" name="verifyLogin" time="12.724"/>
  <testcase classname="testCases.TC003_LoginTestDDT" name="verifyLogin" time="12.302"/>
</testsuite> <!-- test -->
