<?xml version="1.0" encoding="UTF-8"?>
<!-- Generated by org.testng.reporters.JUnitXMLReporter -->
<testsuite ignored="0" hostname="LAPTOP-AF95BSA9" failures="2" tests="6" name="test" time="122.696" errors="0" timestamp="2024-04-18T09:55:42 IST">
  <testcase classname="testCases.TC001_RegistrationTest" name="registrationTest" time="6.136"/>
  <testcase classname="testCases.TC002_LoginTest" name="verifyLogin" time="12.866">
    <failure type="java.lang.AssertionError" message="expected [true] but found [false]">
      <![CDATA[java.lang.AssertionError: expected [true] but found [false]
at testCases.TC002_LoginTest.verifyLogin(TC002_LoginTest.java:41)
at java.base/java.util.ArrayList.forEach(ArrayList.java:1541)
... Removed 35 stack frames]]>
    </failure>
  </testcase> <!-- verifyLogin -->
  <testcase classname="testCases.TC003_LoginTestDDT" name="verifyLogin" time="12.625">
    <failure type="java.lang.AssertionError" message="expected [true] but found [false]">
      <![CDATA[java.lang.AssertionError: expected [true] but found [false]
at testCases.TC003_LoginTestDDT.verifyLogin(TC003_LoginTestDDT.java:44)
at java.base/java.util.ArrayList.forEach(ArrayList.java:1541)
... Removed 35 stack frames]]>
    </failure>
  </testcase> <!-- verifyLogin -->
  <testcase classname="testCases.TC003_LoginTestDDT" name="verifyLogin" time="14.493"/>
  <testcase classname="testCases.TC003_LoginTestDDT" name="verifyLogin" time="12.622"/>
  <testcase classname="testCases.TC003_LoginTestDDT" name="verifyLogin" time="13.385"/>
</testsuite> <!-- test -->
